Using pre-set license
Built from '2020.3/release' branch; Version is '2020.3.1f1 (77a89f25062f) revision 7841951'; Using compiler version '192528614'; Build Type 'Release'
OS: 'Windows 10 Pro; OS build 19042.985; Version 2009; 64bit' Language: 'ru' Physical Memory: 16264 MB
BatchMode: 1, IsHumanControllingUs: 0, StartBugReporterOnCrash: 0, Is64bit: 1, IsPro: 0

 COMMAND LINE ARGUMENTS:
D:\Unity\2020.3.1f1\Editor\Unity.exe
-adb2
-batchMode
-noUpm
-name
AssetImportWorker0
-projectPath
D:/Git Repository/Asteroids
-logFile
Logs/AssetImportWorker0.log
-srvPort
55941
Successfully changed project path to: D:/Git Repository/Asteroids
D:/Git Repository/Asteroids
Using Asset Import Pipeline V2.
Refreshing native plugins compatible for Editor in 36.60 ms, found 1 plugins.
Preloading 0 native plugins for Editor in 0.00 ms.
Initialize engine version: 2020.3.1f1 (77a89f25062f)
[Subsystems] Discovering subsystems at path D:/Unity/2020.3.1f1/Editor/Data/Resources/UnitySubsystems
[Subsystems] Discovering subsystems at path D:/Git Repository/Asteroids/Assets
GfxDevice: creating device client; threaded=0
Direct3D:
    Version:  Direct3D 11.0 [level 11.1]
    Renderer: NVIDIA GeForce GTX 1050 (ID=0x1c91)
    Vendor:   
    VRAM:     2996 MB
    Driver:   27.21.14.5655
Initialize mono
Mono path[0] = 'D:/Unity/2020.3.1f1/Editor/Data/Managed'
Mono path[1] = 'D:/Unity/2020.3.1f1/Editor/Data/MonoBleedingEdge/lib/mono/unityjit'
Mono config path = 'D:/Unity/2020.3.1f1/Editor/Data/MonoBleedingEdge/etc'
Using monoOptions --debugger-agent=transport=dt_socket,embedding=1,server=y,suspend=n,address=127.0.0.1:56716
Begin MonoManager ReloadAssembly
Registering precompiled unity dll's ...
Register platform support module: D:/Unity/2020.3.1f1/Editor/Data/PlaybackEngines/WindowsStandaloneSupport/UnityEditor.WindowsStandalone.Extensions.dll
Registered in 0.000962 seconds.
Native extension for WindowsStandalone target not found
Refreshing native plugins compatible for Editor in 40.99 ms, found 1 plugins.
Preloading 0 native plugins for Editor in 0.00 ms.
Invoked RoslynAnalysisRunner static constructor.
RoslynAnalysisRunner will not be running.
RoslynAnalysisRunner has terminated.
Mono: successfully reloaded assembly
- Completed reload, in  0.865 seconds
Platform modules already initialized, skipping
Registering precompiled user dll's ...
Registered in 0.000715 seconds.
Begin MonoManager ReloadAssembly
Native extension for WindowsStandalone target not found
Refreshing native plugins compatible for Editor in 36.35 ms, found 1 plugins.
Preloading 0 native plugins for Editor in 0.00 ms.
Invoked RoslynAnalysisRunner static constructor.
RoslynAnalysisRunner will not be running.
RoslynAnalysisRunner has terminated.
Mono: successfully reloaded assembly
- Completed reload, in  0.858 seconds
Platform modules already initialized, skipping
========================================================================
Worker process is ready to serve import requests
Launched and connected shader compiler UnityShaderCompiler.exe after 0.05 seconds
Refreshing native plugins compatible for Editor in 0.37 ms, found 1 plugins.
Preloading 0 native plugins for Editor in 0.00 ms.
Unloading 1923 Unused Serialized files (Serialized files now loaded: 0)
System memory in use before: 160.1 MB.
System memory in use after: 160.2 MB.

Unloading 19 unused Assets to reduce memory usage. Loaded Objects now: 2374.
Total: 2.420900 ms (FindLiveObjects: 0.366700 ms CreateObjectMapping: 0.122000 ms MarkObjects: 1.856800 ms  DeleteObjects: 0.073900 ms)

========================================================================
Received Import Request.
  path: Assets/Prefabs/Zone.prefab
  artifactKey: Guid(ae14a78ceae4a6f48aa24f8b8b1f678b) Importer(815301076,1909f56bfc062723c751e8b465ee728b)
Start importing Assets/Prefabs/Zone.prefab using Guid(ae14a78ceae4a6f48aa24f8b8b1f678b) Importer(815301076,1909f56bfc062723c751e8b465ee728b)  -> (artifact id: '60e3c9559868854c15d413427de3b55c') in 0.043871 seconds
  Import took 0.046870 seconds .

========================================================================
Received Import Request.
  Time since last request: 0.000283 seconds.
  path: Assets/Prefabs/UI/RoundTimer.prefab
  artifactKey: Guid(cd8a0ce598f003048a864efc6e36943d) Importer(815301076,1909f56bfc062723c751e8b465ee728b)
Start importing Assets/Prefabs/UI/RoundTimer.prefab using Guid(cd8a0ce598f003048a864efc6e36943d) Importer(815301076,1909f56bfc062723c751e8b465ee728b)  -> (artifact id: '5e61532047175de0d7f6ef3b1898870d') in 0.059136 seconds
  Import took 0.062348 seconds .

========================================================================
Received Import Request.
  Time since last request: 0.000261 seconds.
  path: Assets/Prefabs/Spawner.prefab
  artifactKey: Guid(3a0cd9d37d637f9468ccb86490bf164e) Importer(815301076,1909f56bfc062723c751e8b465ee728b)
Start importing Assets/Prefabs/Spawner.prefab using Guid(3a0cd9d37d637f9468ccb86490bf164e) Importer(815301076,1909f56bfc062723c751e8b465ee728b)  -> (artifact id: 'e7bcb049cacd61e6285b6aadb51cb315') in 0.004894 seconds
  Import took 0.007711 seconds .

========================================================================
Received Import Request.
  Time since last request: 0.000301 seconds.
  path: Assets/Prefabs
  artifactKey: Guid(f37a1a2ca2f52594fb59c9d8007663a7) Importer(815301076,1909f56bfc062723c751e8b465ee728b)
Start importing Assets/Prefabs using Guid(f37a1a2ca2f52594fb59c9d8007663a7) Importer(815301076,1909f56bfc062723c751e8b465ee728b)  -> (artifact id: '4dc84b1ac89f4fd546264f063c6a2082') in 0.002320 seconds
  Import took 0.006152 seconds .

========================================================================
Received Import Request.
  Time since last request: 0.000297 seconds.
  path: Assets/Prefabs/UI/Score.prefab
  artifactKey: Guid(a78cd4da6ca8742499858793c5118762) Importer(815301076,1909f56bfc062723c751e8b465ee728b)
Start importing Assets/Prefabs/UI/Score.prefab using Guid(a78cd4da6ca8742499858793c5118762) Importer(815301076,1909f56bfc062723c751e8b465ee728b)  -> (artifact id: '8711aa2af581a1b6881d8a3b73196a05') in 0.025227 seconds
  Import took 0.029439 seconds .

========================================================================
Received Import Request.
  Time since last request: 0.000279 seconds.
  path: Assets/Prefabs/UI
  artifactKey: Guid(ff1cc163039c5e145818872d5654b790) Importer(815301076,1909f56bfc062723c751e8b465ee728b)
Start importing Assets/Prefabs/UI using Guid(ff1cc163039c5e145818872d5654b790) Importer(815301076,1909f56bfc062723c751e8b465ee728b)  -> (artifact id: '93f104ed152aba4cb3b93ffe3c37f942') in 0.001815 seconds
  Import took 0.005396 seconds .

========================================================================
Received Prepare
Refreshing native plugins compatible for Editor in 1.20 ms, found 1 plugins.
Preloading 0 native plugins for Editor in 0.00 ms.
Unloading 5 Unused Serialized files (Serialized files now loaded: 0)
System memory in use before: 122.1 MB.
System memory in use after: 122.3 MB.

Unloading 5 unused Assets to reduce memory usage. Loaded Objects now: 2374.
Total: 2.449000 ms (FindLiveObjects: 0.244500 ms CreateObjectMapping: 0.084600 ms MarkObjects: 2.096700 ms  DeleteObjects: 0.019900 ms)

========================================================================
Received Import Request.
  Time since last request: 10.708050 seconds.
  path: Assets/Prefabs/UI/RoundTimer.prefab
  artifactKey: Guid(cd8a0ce598f003048a864efc6e36943d) Importer(815301076,1909f56bfc062723c751e8b465ee728b)
Start importing Assets/Prefabs/UI/RoundTimer.prefab using Guid(cd8a0ce598f003048a864efc6e36943d) Importer(815301076,1909f56bfc062723c751e8b465ee728b)  -> (artifact id: '4817c975c6dc6844f36e582eb0c0ab3c') in 0.022272 seconds
  Import took 0.025310 seconds .

========================================================================
Received Import Request.
  Time since last request: 61.207915 seconds.
  path: Assets/Scenes
  artifactKey: Guid(595878606fc045340b8c4f6d775d9c10) Importer(815301076,1909f56bfc062723c751e8b465ee728b)
Start importing Assets/Scenes using Guid(595878606fc045340b8c4f6d775d9c10) Importer(815301076,1909f56bfc062723c751e8b465ee728b)  -> (artifact id: '2e6b08828e932a087fbeff13e0037f11') in 0.002939 seconds
  Import took 0.006428 seconds .

========================================================================
Received Import Request.
  Time since last request: 1.607717 seconds.
  path: Assets/Scenes/Typed
  artifactKey: Guid(91ead59af4b57cf4e8c962d131bb17d8) Importer(815301076,1909f56bfc062723c751e8b465ee728b)
Start importing Assets/Scenes/Typed using Guid(91ead59af4b57cf4e8c962d131bb17d8) Importer(815301076,1909f56bfc062723c751e8b465ee728b)  -> (artifact id: '87510bf1eaf46e4a0a4e7869b046e975') in 0.003133 seconds
  Import took 0.007730 seconds .

========================================================================
Received Import Request.
  Time since last request: 2.316343 seconds.
  path: Assets/Scenes/Typed/_19___Masking_Texture___Soft_Mask.cs
  artifactKey: Guid(80181002d9fde5340a867022258eade2) Importer(815301076,1909f56bfc062723c751e8b465ee728b)
Start importing Assets/Scenes/Typed/_19___Masking_Texture___Soft_Mask.cs using Guid(80181002d9fde5340a867022258eade2) Importer(815301076,1909f56bfc062723c751e8b465ee728b)  -> (artifact id: '381d21d07e21949f8d53bb91afa712b4') in 0.009708 seconds
  Import took 0.013121 seconds .

AssetImportWorkerClient::OnTransportError - code=2 error=End of file
