Using pre-set license
Built from '2020.3/release' branch; Version is '2020.3.1f1 (77a89f25062f) revision 7841951'; Using compiler version '192528614'; Build Type 'Release'
OS: 'Windows 10 Pro; OS build 19042.985; Version 2009; 64bit' Language: 'ru' Physical Memory: 16264 MB
BatchMode: 1, IsHumanControllingUs: 0, StartBugReporterOnCrash: 0, Is64bit: 1, IsPro: 0

 COMMAND LINE ARGUMENTS:
D:\Unity\2020.3.1f1\Editor\Unity.exe
-adb2
-batchMode
-noUpm
-name
AssetImportWorker1
-projectPath
D:/Git Repository/Asteroids
-logFile
Logs/AssetImportWorker1.log
-srvPort
56104
Successfully changed project path to: D:/Git Repository/Asteroids
D:/Git Repository/Asteroids
Using Asset Import Pipeline V2.
Refreshing native plugins compatible for Editor in 41.91 ms, found 1 plugins.
Preloading 0 native plugins for Editor in 0.00 ms.
Initialize engine version: 2020.3.1f1 (77a89f25062f)
[Subsystems] Discovering subsystems at path D:/Unity/2020.3.1f1/Editor/Data/Resources/UnitySubsystems
[Subsystems] Discovering subsystems at path D:/Git Repository/Asteroids/Assets
GfxDevice: creating device client; threaded=0
Direct3D:
    Version:  Direct3D 11.0 [level 11.1]
    Renderer: NVIDIA GeForce GTX 1050 (ID=0x1c91)
    Vendor:   
    VRAM:     2996 MB
    Driver:   27.21.14.5655
Initialize mono
Mono path[0] = 'D:/Unity/2020.3.1f1/Editor/Data/Managed'
Mono path[1] = 'D:/Unity/2020.3.1f1/Editor/Data/MonoBleedingEdge/lib/mono/unityjit'
Mono config path = 'D:/Unity/2020.3.1f1/Editor/Data/MonoBleedingEdge/etc'
Using monoOptions --debugger-agent=transport=dt_socket,embedding=1,server=y,suspend=n,address=127.0.0.1:56780
Begin MonoManager ReloadAssembly
Registering precompiled unity dll's ...
Register platform support module: D:/Unity/2020.3.1f1/Editor/Data/PlaybackEngines/WindowsStandaloneSupport/UnityEditor.WindowsStandalone.Extensions.dll
Registered in 0.001504 seconds.
Native extension for WindowsStandalone target not found
Refreshing native plugins compatible for Editor in 47.80 ms, found 1 plugins.
Preloading 0 native plugins for Editor in 0.00 ms.
Invoked RoslynAnalysisRunner static constructor.
RoslynAnalysisRunner will not be running.
RoslynAnalysisRunner has terminated.
Mono: successfully reloaded assembly
- Completed reload, in  1.393 seconds
Platform modules already initialized, skipping
Registering precompiled user dll's ...
Registered in 0.000854 seconds.
Begin MonoManager ReloadAssembly
Native extension for WindowsStandalone target not found
Refreshing native plugins compatible for Editor in 39.71 ms, found 1 plugins.
Preloading 0 native plugins for Editor in 0.00 ms.
Invoked RoslynAnalysisRunner static constructor.
RoslynAnalysisRunner will not be running.
RoslynAnalysisRunner has terminated.
Mono: successfully reloaded assembly
- Completed reload, in  1.063 seconds
Platform modules already initialized, skipping
========================================================================
Worker process is ready to serve import requests
Launched and connected shader compiler UnityShaderCompiler.exe after 0.05 seconds
Refreshing native plugins compatible for Editor in 0.38 ms, found 1 plugins.
Preloading 0 native plugins for Editor in 0.00 ms.
Unloading 1884 Unused Serialized files (Serialized files now loaded: 0)
System memory in use before: 159.2 MB.
System memory in use after: 159.3 MB.

Unloading 19 unused Assets to reduce memory usage. Loaded Objects now: 2336.
Total: 2.572700 ms (FindLiveObjects: 0.487900 ms CreateObjectMapping: 0.167400 ms MarkObjects: 1.838500 ms  DeleteObjects: 0.077500 ms)

========================================================================
Received Prepare
Refreshing native plugins compatible for Editor in 1.21 ms, found 1 plugins.
Preloading 0 native plugins for Editor in 0.00 ms.
Unloading 5 Unused Serialized files (Serialized files now loaded: 0)
System memory in use before: 120.9 MB.
System memory in use after: 121.0 MB.

Unloading 5 unused Assets to reduce memory usage. Loaded Objects now: 2336.
Total: 2.105100 ms (FindLiveObjects: 0.230000 ms CreateObjectMapping: 0.089500 ms MarkObjects: 1.771500 ms  DeleteObjects: 0.012900 ms)

========================================================================
Received Import Request.
  path: Assets/Scripts/ExhaustEffect.cs
  artifactKey: Guid(7d5255ace752037499747ba2c4c147db) Importer(815301076,1909f56bfc062723c751e8b465ee728b)
Start importing Assets/Scripts/ExhaustEffect.cs using Guid(7d5255ace752037499747ba2c4c147db) Importer(815301076,1909f56bfc062723c751e8b465ee728b)  -> (artifact id: '3b36a32a531b0932e79ca6521fb92897') in 0.026325 seconds
  Import took 0.029115 seconds .

========================================================================
Received Import Request.
  Time since last request: 0.003050 seconds.
  path: Assets/Scripts/ExhaustEffect.cs
  artifactKey: Guid(7d5255ace752037499747ba2c4c147db) Importer(815301076,1909f56bfc062723c751e8b465ee728b)
Start importing Assets/Scripts/ExhaustEffect.cs using Guid(7d5255ace752037499747ba2c4c147db) Importer(815301076,1909f56bfc062723c751e8b465ee728b)  -> (artifact id: '3b36a32a531b0932e79ca6521fb92897') in 0.002031 seconds
  Import took 0.005154 seconds .

========================================================================
Received Prepare
Registering precompiled user dll's ...
Registered in 0.000870 seconds.
Begin MonoManager ReloadAssembly
Native extension for WindowsStandalone target not found
Refreshing native plugins compatible for Editor in 0.35 ms, found 1 plugins.
Preloading 0 native plugins for Editor in 0.00 ms.
Invoked RoslynAnalysisRunner static constructor.
RoslynAnalysisRunner will not be running.
RoslynAnalysisRunner has terminated.
Mono: successfully reloaded assembly
- Completed reload, in  0.849 seconds
Platform modules already initialized, skipping
Refreshing native plugins compatible for Editor in 0.46 ms, found 1 plugins.
Preloading 0 native plugins for Editor in 0.00 ms.
Unloading 1861 Unused Serialized files (Serialized files now loaded: 0)
System memory in use before: 157.8 MB.
System memory in use after: 157.9 MB.

Unloading 7 unused Assets to reduce memory usage. Loaded Objects now: 2340.
Total: 2.245600 ms (FindLiveObjects: 0.309100 ms CreateObjectMapping: 0.152800 ms MarkObjects: 1.761300 ms  DeleteObjects: 0.020500 ms)

========================================================================
Received Import Request.
  Time since last request: 153.428252 seconds.
  path: Assets/Scripts/ExhaustEffect.cs
  artifactKey: Guid(7d5255ace752037499747ba2c4c147db) Importer(815301076,1909f56bfc062723c751e8b465ee728b)
Start importing Assets/Scripts/ExhaustEffect.cs using Guid(7d5255ace752037499747ba2c4c147db) Importer(815301076,1909f56bfc062723c751e8b465ee728b)  -> (artifact id: '7f90502e97d1835b81599d25596ba466') in 0.008454 seconds
  Import took 0.015398 seconds .

========================================================================
Received Prepare
Registering precompiled user dll's ...
Registered in 0.000737 seconds.
Begin MonoManager ReloadAssembly
Native extension for WindowsStandalone target not found
Refreshing native plugins compatible for Editor in 0.38 ms, found 1 plugins.
Preloading 0 native plugins for Editor in 0.00 ms.
Invoked RoslynAnalysisRunner static constructor.
RoslynAnalysisRunner will not be running.
RoslynAnalysisRunner has terminated.
Mono: successfully reloaded assembly
- Completed reload, in  0.868 seconds
Platform modules already initialized, skipping
Refreshing native plugins compatible for Editor in 0.37 ms, found 1 plugins.
Preloading 0 native plugins for Editor in 0.00 ms.
Unloading 1861 Unused Serialized files (Serialized files now loaded: 0)
System memory in use before: 157.8 MB.
System memory in use after: 157.9 MB.

Unloading 7 unused Assets to reduce memory usage. Loaded Objects now: 2344.
Total: 2.364400 ms (FindLiveObjects: 0.329500 ms CreateObjectMapping: 0.061500 ms MarkObjects: 1.948800 ms  DeleteObjects: 0.023100 ms)

========================================================================
Received Prepare
Registering precompiled user dll's ...
Registered in 0.000752 seconds.
Begin MonoManager ReloadAssembly
Native extension for WindowsStandalone target not found
Refreshing native plugins compatible for Editor in 1.36 ms, found 1 plugins.
Preloading 0 native plugins for Editor in 0.00 ms.
Invoked RoslynAnalysisRunner static constructor.
RoslynAnalysisRunner will not be running.
RoslynAnalysisRunner has terminated.
Mono: successfully reloaded assembly
- Completed reload, in  0.885 seconds
Platform modules already initialized, skipping
Refreshing native plugins compatible for Editor in 0.38 ms, found 1 plugins.
Preloading 0 native plugins for Editor in 0.00 ms.
Unloading 1861 Unused Serialized files (Serialized files now loaded: 0)
System memory in use before: 157.9 MB.
System memory in use after: 158.0 MB.

Unloading 7 unused Assets to reduce memory usage. Loaded Objects now: 2348.
Total: 2.096900 ms (FindLiveObjects: 0.218600 ms CreateObjectMapping: 0.080200 ms MarkObjects: 1.768500 ms  DeleteObjects: 0.028000 ms)

========================================================================
Received Prepare
Registering precompiled user dll's ...
Registered in 0.001056 seconds.
Begin MonoManager ReloadAssembly
Native extension for WindowsStandalone target not found
Refreshing native plugins compatible for Editor in 0.41 ms, found 1 plugins.
Preloading 0 native plugins for Editor in 0.00 ms.
Invoked RoslynAnalysisRunner static constructor.
RoslynAnalysisRunner will not be running.
RoslynAnalysisRunner has terminated.
Mono: successfully reloaded assembly
- Completed reload, in  0.906 seconds
Platform modules already initialized, skipping
Refreshing native plugins compatible for Editor in 0.42 ms, found 1 plugins.
Preloading 0 native plugins for Editor in 0.00 ms.
Unloading 1861 Unused Serialized files (Serialized files now loaded: 0)
System memory in use before: 157.9 MB.
System memory in use after: 158.0 MB.

Unloading 7 unused Assets to reduce memory usage. Loaded Objects now: 2352.
Total: 2.501800 ms (FindLiveObjects: 0.222000 ms CreateObjectMapping: 0.156400 ms MarkObjects: 2.096500 ms  DeleteObjects: 0.024900 ms)

========================================================================
Received Prepare
Registering precompiled user dll's ...
Registered in 0.000777 seconds.
Begin MonoManager ReloadAssembly
Native extension for WindowsStandalone target not found
Refreshing native plugins compatible for Editor in 0.35 ms, found 1 plugins.
Preloading 0 native plugins for Editor in 0.00 ms.
Invoked RoslynAnalysisRunner static constructor.
RoslynAnalysisRunner will not be running.
RoslynAnalysisRunner has terminated.
Mono: successfully reloaded assembly
- Completed reload, in  0.872 seconds
Platform modules already initialized, skipping
Refreshing native plugins compatible for Editor in 0.56 ms, found 1 plugins.
Preloading 0 native plugins for Editor in 0.00 ms.
Unloading 1861 Unused Serialized files (Serialized files now loaded: 0)
System memory in use before: 157.9 MB.
System memory in use after: 158.0 MB.

Unloading 7 unused Assets to reduce memory usage. Loaded Objects now: 2356.
Total: 2.063500 ms (FindLiveObjects: 0.193200 ms CreateObjectMapping: 0.052300 ms MarkObjects: 1.796900 ms  DeleteObjects: 0.019700 ms)

========================================================================
Received Prepare
Registering precompiled user dll's ...
Registered in 0.000737 seconds.
Begin MonoManager ReloadAssembly
Native extension for WindowsStandalone target not found
Refreshing native plugins compatible for Editor in 0.43 ms, found 1 plugins.
Preloading 0 native plugins for Editor in 0.00 ms.
Invoked RoslynAnalysisRunner static constructor.
RoslynAnalysisRunner will not be running.
RoslynAnalysisRunner has terminated.
Mono: successfully reloaded assembly
- Completed reload, in  0.870 seconds
Platform modules already initialized, skipping
Refreshing native plugins compatible for Editor in 0.38 ms, found 1 plugins.
Preloading 0 native plugins for Editor in 0.00 ms.
Unloading 1861 Unused Serialized files (Serialized files now loaded: 0)
System memory in use before: 157.9 MB.
System memory in use after: 158.0 MB.

Unloading 7 unused Assets to reduce memory usage. Loaded Objects now: 2360.
Total: 2.675100 ms (FindLiveObjects: 0.342900 ms CreateObjectMapping: 0.307800 ms MarkObjects: 2.002100 ms  DeleteObjects: 0.021400 ms)

========================================================================
Received Prepare
Registering precompiled user dll's ...
Registered in 0.000746 seconds.
Begin MonoManager ReloadAssembly
Native extension for WindowsStandalone target not found
Refreshing native plugins compatible for Editor in 0.37 ms, found 1 plugins.
Preloading 0 native plugins for Editor in 0.00 ms.
Invoked RoslynAnalysisRunner static constructor.
RoslynAnalysisRunner will not be running.
RoslynAnalysisRunner has terminated.
Mono: successfully reloaded assembly
- Completed reload, in  0.837 seconds
Platform modules already initialized, skipping
Refreshing native plugins compatible for Editor in 0.43 ms, found 1 plugins.
Preloading 0 native plugins for Editor in 0.00 ms.
Unloading 1861 Unused Serialized files (Serialized files now loaded: 0)
System memory in use before: 157.9 MB.
System memory in use after: 158.0 MB.

Unloading 7 unused Assets to reduce memory usage. Loaded Objects now: 2364.
Total: 2.046500 ms (FindLiveObjects: 0.317800 ms CreateObjectMapping: 0.062800 ms MarkObjects: 1.645900 ms  DeleteObjects: 0.019000 ms)

========================================================================
Received Prepare
Registering precompiled user dll's ...
Registered in 0.000770 seconds.
Begin MonoManager ReloadAssembly
Native extension for WindowsStandalone target not found
Refreshing native plugins compatible for Editor in 0.38 ms, found 1 plugins.
Preloading 0 native plugins for Editor in 0.00 ms.
Invoked RoslynAnalysisRunner static constructor.
RoslynAnalysisRunner will not be running.
RoslynAnalysisRunner has terminated.
Mono: successfully reloaded assembly
- Completed reload, in  0.806 seconds
Platform modules already initialized, skipping
Refreshing native plugins compatible for Editor in 0.35 ms, found 1 plugins.
Preloading 0 native plugins for Editor in 0.00 ms.
Unloading 1861 Unused Serialized files (Serialized files now loaded: 0)
System memory in use before: 157.9 MB.
System memory in use after: 158.0 MB.

Unloading 7 unused Assets to reduce memory usage. Loaded Objects now: 2368.
Total: 2.303700 ms (FindLiveObjects: 0.281600 ms CreateObjectMapping: 0.091700 ms MarkObjects: 1.914300 ms  DeleteObjects: 0.015100 ms)

========================================================================
Received Prepare
Registering precompiled user dll's ...
Registered in 0.000716 seconds.
Begin MonoManager ReloadAssembly
Native extension for WindowsStandalone target not found
Refreshing native plugins compatible for Editor in 0.56 ms, found 1 plugins.
Preloading 0 native plugins for Editor in 0.00 ms.
Invoked RoslynAnalysisRunner static constructor.
RoslynAnalysisRunner will not be running.
RoslynAnalysisRunner has terminated.
Mono: successfully reloaded assembly
- Completed reload, in  0.863 seconds
Platform modules already initialized, skipping
Refreshing native plugins compatible for Editor in 0.36 ms, found 1 plugins.
Preloading 0 native plugins for Editor in 0.00 ms.
Unloading 1861 Unused Serialized files (Serialized files now loaded: 0)
System memory in use before: 157.9 MB.
System memory in use after: 158.0 MB.

Unloading 7 unused Assets to reduce memory usage. Loaded Objects now: 2372.
Total: 2.681700 ms (FindLiveObjects: 0.499600 ms CreateObjectMapping: 0.219600 ms MarkObjects: 1.940900 ms  DeleteObjects: 0.019700 ms)

========================================================================
Received Prepare
Registering precompiled user dll's ...
Registered in 0.000723 seconds.
Begin MonoManager ReloadAssembly
Native extension for WindowsStandalone target not found
Refreshing native plugins compatible for Editor in 0.37 ms, found 1 plugins.
Preloading 0 native plugins for Editor in 0.00 ms.
Invoked RoslynAnalysisRunner static constructor.
RoslynAnalysisRunner will not be running.
RoslynAnalysisRunner has terminated.
Mono: successfully reloaded assembly
- Completed reload, in  0.840 seconds
Platform modules already initialized, skipping
Refreshing native plugins compatible for Editor in 0.42 ms, found 1 plugins.
Preloading 0 native plugins for Editor in 0.00 ms.
Unloading 1861 Unused Serialized files (Serialized files now loaded: 0)
System memory in use before: 157.9 MB.
System memory in use after: 158.0 MB.

Unloading 7 unused Assets to reduce memory usage. Loaded Objects now: 2376.
Total: 2.186300 ms (FindLiveObjects: 0.205200 ms CreateObjectMapping: 0.069000 ms MarkObjects: 1.886600 ms  DeleteObjects: 0.024200 ms)

========================================================================
Received Prepare
Registering precompiled user dll's ...
Registered in 0.000749 seconds.
Begin MonoManager ReloadAssembly
Native extension for WindowsStandalone target not found
Refreshing native plugins compatible for Editor in 0.37 ms, found 1 plugins.
Preloading 0 native plugins for Editor in 0.00 ms.
Invoked RoslynAnalysisRunner static constructor.
RoslynAnalysisRunner will not be running.
RoslynAnalysisRunner has terminated.
Mono: successfully reloaded assembly
- Completed reload, in  0.798 seconds
Platform modules already initialized, skipping
Refreshing native plugins compatible for Editor in 0.37 ms, found 1 plugins.
Preloading 0 native plugins for Editor in 0.00 ms.
Unloading 1861 Unused Serialized files (Serialized files now loaded: 0)
System memory in use before: 157.9 MB.
System memory in use after: 158.1 MB.

Unloading 7 unused Assets to reduce memory usage. Loaded Objects now: 2380.
Total: 2.209700 ms (FindLiveObjects: 0.388000 ms CreateObjectMapping: 0.136300 ms MarkObjects: 1.664500 ms  DeleteObjects: 0.019600 ms)

========================================================================
Received Prepare
Registering precompiled user dll's ...
Registered in 0.000857 seconds.
Begin MonoManager ReloadAssembly
Native extension for WindowsStandalone target not found
Refreshing native plugins compatible for Editor in 0.36 ms, found 1 plugins.
Preloading 0 native plugins for Editor in 0.00 ms.
Invoked RoslynAnalysisRunner static constructor.
RoslynAnalysisRunner will not be running.
RoslynAnalysisRunner has terminated.
Mono: successfully reloaded assembly
- Completed reload, in  0.882 seconds
Platform modules already initialized, skipping
Refreshing native plugins compatible for Editor in 0.37 ms, found 1 plugins.
Preloading 0 native plugins for Editor in 0.00 ms.
Unloading 1861 Unused Serialized files (Serialized files now loaded: 0)
System memory in use before: 158.0 MB.
System memory in use after: 158.1 MB.

Unloading 7 unused Assets to reduce memory usage. Loaded Objects now: 2384.
Total: 3.346000 ms (FindLiveObjects: 0.415500 ms CreateObjectMapping: 0.283000 ms MarkObjects: 2.620800 ms  DeleteObjects: 0.025600 ms)

========================================================================
Received Prepare
Registering precompiled user dll's ...
Registered in 0.000741 seconds.
Begin MonoManager ReloadAssembly
Native extension for WindowsStandalone target not found
Refreshing native plugins compatible for Editor in 0.37 ms, found 1 plugins.
Preloading 0 native plugins for Editor in 0.00 ms.
Invoked RoslynAnalysisRunner static constructor.
RoslynAnalysisRunner will not be running.
RoslynAnalysisRunner has terminated.
Mono: successfully reloaded assembly
- Completed reload, in  0.878 seconds
Platform modules already initialized, skipping
Refreshing native plugins compatible for Editor in 0.37 ms, found 1 plugins.
Preloading 0 native plugins for Editor in 0.00 ms.
Unloading 1861 Unused Serialized files (Serialized files now loaded: 0)
System memory in use before: 158.0 MB.
System memory in use after: 158.1 MB.

Unloading 7 unused Assets to reduce memory usage. Loaded Objects now: 2388.
Total: 2.353100 ms (FindLiveObjects: 0.205600 ms CreateObjectMapping: 0.070500 ms MarkObjects: 2.054300 ms  DeleteObjects: 0.021900 ms)

========================================================================
Received Prepare
Registering precompiled user dll's ...
Registered in 0.001135 seconds.
Begin MonoManager ReloadAssembly
Native extension for WindowsStandalone target not found
Refreshing native plugins compatible for Editor in 0.35 ms, found 1 plugins.
Preloading 0 native plugins for Editor in 0.00 ms.
Invoked RoslynAnalysisRunner static constructor.
RoslynAnalysisRunner will not be running.
RoslynAnalysisRunner has terminated.
Mono: successfully reloaded assembly
- Completed reload, in  0.847 seconds
Platform modules already initialized, skipping
Refreshing native plugins compatible for Editor in 0.35 ms, found 1 plugins.
Preloading 0 native plugins for Editor in 0.00 ms.
Unloading 1861 Unused Serialized files (Serialized files now loaded: 0)
System memory in use before: 158.0 MB.
System memory in use after: 158.1 MB.

Unloading 7 unused Assets to reduce memory usage. Loaded Objects now: 2392.
Total: 2.198000 ms (FindLiveObjects: 0.256400 ms CreateObjectMapping: 0.116000 ms MarkObjects: 1.806900 ms  DeleteObjects: 0.017500 ms)

========================================================================
Received Prepare
Registering precompiled user dll's ...
Registered in 0.000803 seconds.
Begin MonoManager ReloadAssembly
Native extension for WindowsStandalone target not found
Refreshing native plugins compatible for Editor in 0.36 ms, found 1 plugins.
Preloading 0 native plugins for Editor in 0.00 ms.
Invoked RoslynAnalysisRunner static constructor.
RoslynAnalysisRunner will not be running.
RoslynAnalysisRunner has terminated.
Mono: successfully reloaded assembly
- Completed reload, in  0.824 seconds
Platform modules already initialized, skipping
Refreshing native plugins compatible for Editor in 0.36 ms, found 1 plugins.
Preloading 0 native plugins for Editor in 0.00 ms.
Unloading 1861 Unused Serialized files (Serialized files now loaded: 0)
System memory in use before: 158.0 MB.
System memory in use after: 158.1 MB.

Unloading 7 unused Assets to reduce memory usage. Loaded Objects now: 2396.
Total: 2.129000 ms (FindLiveObjects: 0.295400 ms CreateObjectMapping: 0.108100 ms MarkObjects: 1.700600 ms  DeleteObjects: 0.023700 ms)

========================================================================
Received Prepare
Registering precompiled user dll's ...
Registered in 0.000775 seconds.
Begin MonoManager ReloadAssembly
Native extension for WindowsStandalone target not found
Refreshing native plugins compatible for Editor in 0.37 ms, found 1 plugins.
Preloading 0 native plugins for Editor in 0.00 ms.
Invoked RoslynAnalysisRunner static constructor.
RoslynAnalysisRunner will not be running.
RoslynAnalysisRunner has terminated.
Mono: successfully reloaded assembly
- Completed reload, in  0.815 seconds
Platform modules already initialized, skipping
Refreshing native plugins compatible for Editor in 0.36 ms, found 1 plugins.
Preloading 0 native plugins for Editor in 0.00 ms.
Unloading 1861 Unused Serialized files (Serialized files now loaded: 0)
System memory in use before: 158.0 MB.
System memory in use after: 158.1 MB.

Unloading 7 unused Assets to reduce memory usage. Loaded Objects now: 2400.
Total: 2.027500 ms (FindLiveObjects: 0.194600 ms CreateObjectMapping: 0.071000 ms MarkObjects: 1.742300 ms  DeleteObjects: 0.018900 ms)

========================================================================
Received Prepare
Registering precompiled user dll's ...
Registered in 0.000757 seconds.
Begin MonoManager ReloadAssembly
Native extension for WindowsStandalone target not found
Refreshing native plugins compatible for Editor in 0.36 ms, found 1 plugins.
Preloading 0 native plugins for Editor in 0.00 ms.
Invoked RoslynAnalysisRunner static constructor.
RoslynAnalysisRunner will not be running.
RoslynAnalysisRunner has terminated.
Mono: successfully reloaded assembly
- Completed reload, in  0.842 seconds
Platform modules already initialized, skipping
Refreshing native plugins compatible for Editor in 0.40 ms, found 1 plugins.
Preloading 0 native plugins for Editor in 0.00 ms.
Unloading 1861 Unused Serialized files (Serialized files now loaded: 0)
System memory in use before: 158.0 MB.
System memory in use after: 158.1 MB.

Unloading 7 unused Assets to reduce memory usage. Loaded Objects now: 2404.
Total: 2.726200 ms (FindLiveObjects: 0.410900 ms CreateObjectMapping: 0.131700 ms MarkObjects: 2.163000 ms  DeleteObjects: 0.019500 ms)

========================================================================
Received Prepare
Registering precompiled user dll's ...
Registered in 0.000719 seconds.
Begin MonoManager ReloadAssembly
Native extension for WindowsStandalone target not found
Refreshing native plugins compatible for Editor in 0.35 ms, found 1 plugins.
Preloading 0 native plugins for Editor in 0.00 ms.
Invoked RoslynAnalysisRunner static constructor.
RoslynAnalysisRunner will not be running.
RoslynAnalysisRunner has terminated.
Mono: successfully reloaded assembly
- Completed reload, in  0.826 seconds
Platform modules already initialized, skipping
Refreshing native plugins compatible for Editor in 0.37 ms, found 1 plugins.
Preloading 0 native plugins for Editor in 0.00 ms.
Unloading 1861 Unused Serialized files (Serialized files now loaded: 0)
System memory in use before: 158.0 MB.
System memory in use after: 158.1 MB.

Unloading 7 unused Assets to reduce memory usage. Loaded Objects now: 2408.
Total: 2.263700 ms (FindLiveObjects: 0.195900 ms CreateObjectMapping: 0.070000 ms MarkObjects: 1.978300 ms  DeleteObjects: 0.018400 ms)

========================================================================
Received Prepare
Registering precompiled user dll's ...
Registered in 0.001366 seconds.
Begin MonoManager ReloadAssembly
Native extension for WindowsStandalone target not found
Refreshing native plugins compatible for Editor in 0.49 ms, found 1 plugins.
Preloading 0 native plugins for Editor in 0.00 ms.
Invoked RoslynAnalysisRunner static constructor.
RoslynAnalysisRunner will not be running.
RoslynAnalysisRunner has terminated.
Mono: successfully reloaded assembly
- Completed reload, in  1.333 seconds
Platform modules already initialized, skipping
Refreshing native plugins compatible for Editor in 0.51 ms, found 1 plugins.
Preloading 0 native plugins for Editor in 0.00 ms.
Unloading 1861 Unused Serialized files (Serialized files now loaded: 0)
System memory in use before: 158.0 MB.
System memory in use after: 158.1 MB.

Unloading 7 unused Assets to reduce memory usage. Loaded Objects now: 2412.
Total: 3.055600 ms (FindLiveObjects: 0.402900 ms CreateObjectMapping: 0.164600 ms MarkObjects: 2.459400 ms  DeleteObjects: 0.027300 ms)

========================================================================
Received Prepare
Registering precompiled user dll's ...
Registered in 0.001948 seconds.
Begin MonoManager ReloadAssembly
Native extension for WindowsStandalone target not found
Refreshing native plugins compatible for Editor in 0.39 ms, found 1 plugins.
Preloading 0 native plugins for Editor in 0.00 ms.
Invoked RoslynAnalysisRunner static constructor.
RoslynAnalysisRunner will not be running.
RoslynAnalysisRunner has terminated.
Mono: successfully reloaded assembly
- Completed reload, in  0.881 seconds
Platform modules already initialized, skipping
Refreshing native plugins compatible for Editor in 0.44 ms, found 1 plugins.
Preloading 0 native plugins for Editor in 0.00 ms.
Unloading 1861 Unused Serialized files (Serialized files now loaded: 0)
System memory in use before: 158.0 MB.
System memory in use after: 158.1 MB.

Unloading 7 unused Assets to reduce memory usage. Loaded Objects now: 2416.
Total: 2.055800 ms (FindLiveObjects: 0.187600 ms CreateObjectMapping: 0.061700 ms MarkObjects: 1.789200 ms  DeleteObjects: 0.016300 ms)

========================================================================
Received Prepare
Registering precompiled user dll's ...
Registered in 0.001293 seconds.
Begin MonoManager ReloadAssembly
Native extension for WindowsStandalone target not found
Refreshing native plugins compatible for Editor in 0.51 ms, found 1 plugins.
Preloading 0 native plugins for Editor in 0.00 ms.
Invoked RoslynAnalysisRunner static constructor.
RoslynAnalysisRunner will not be running.
RoslynAnalysisRunner has terminated.
Mono: successfully reloaded assembly
- Completed reload, in  1.222 seconds
Platform modules already initialized, skipping
Refreshing native plugins compatible for Editor in 0.36 ms, found 1 plugins.
Preloading 0 native plugins for Editor in 0.00 ms.
Unloading 1861 Unused Serialized files (Serialized files now loaded: 0)
System memory in use before: 158.0 MB.
System memory in use after: 158.2 MB.

Unloading 7 unused Assets to reduce memory usage. Loaded Objects now: 2420.
Total: 2.005200 ms (FindLiveObjects: 0.203700 ms CreateObjectMapping: 0.074900 ms MarkObjects: 1.707400 ms  DeleteObjects: 0.018400 ms)

========================================================================
Received Prepare
Registering precompiled user dll's ...
Registered in 0.000730 seconds.
Begin MonoManager ReloadAssembly
Native extension for WindowsStandalone target not found
Refreshing native plugins compatible for Editor in 0.36 ms, found 1 plugins.
Preloading 0 native plugins for Editor in 0.00 ms.
Invoked RoslynAnalysisRunner static constructor.
RoslynAnalysisRunner will not be running.
RoslynAnalysisRunner has terminated.
Mono: successfully reloaded assembly
- Completed reload, in  0.844 seconds
Platform modules already initialized, skipping
Refreshing native plugins compatible for Editor in 0.37 ms, found 1 plugins.
Preloading 0 native plugins for Editor in 0.00 ms.
Unloading 1861 Unused Serialized files (Serialized files now loaded: 0)
System memory in use before: 158.0 MB.
System memory in use after: 158.2 MB.

Unloading 7 unused Assets to reduce memory usage. Loaded Objects now: 2424.
Total: 2.069500 ms (FindLiveObjects: 0.316900 ms CreateObjectMapping: 0.109300 ms MarkObjects: 1.622200 ms  DeleteObjects: 0.018700 ms)

========================================================================
Received Prepare
Registering precompiled user dll's ...
Registered in 0.000807 seconds.
Begin MonoManager ReloadAssembly
Native extension for WindowsStandalone target not found
Refreshing native plugins compatible for Editor in 0.39 ms, found 1 plugins.
Preloading 0 native plugins for Editor in 0.00 ms.
Invoked RoslynAnalysisRunner static constructor.
RoslynAnalysisRunner will not be running.
RoslynAnalysisRunner has terminated.
Mono: successfully reloaded assembly
- Completed reload, in  0.890 seconds
Platform modules already initialized, skipping
Refreshing native plugins compatible for Editor in 0.44 ms, found 1 plugins.
Preloading 0 native plugins for Editor in 0.00 ms.
Unloading 1861 Unused Serialized files (Serialized files now loaded: 0)
System memory in use before: 158.1 MB.
System memory in use after: 158.2 MB.

Unloading 7 unused Assets to reduce memory usage. Loaded Objects now: 2428.
Total: 2.944400 ms (FindLiveObjects: 0.329400 ms CreateObjectMapping: 0.147800 ms MarkObjects: 2.371000 ms  DeleteObjects: 0.092400 ms)

========================================================================
Received Prepare
Registering precompiled user dll's ...
Registered in 0.000749 seconds.
Begin MonoManager ReloadAssembly
Native extension for WindowsStandalone target not found
Refreshing native plugins compatible for Editor in 0.38 ms, found 1 plugins.
Preloading 0 native plugins for Editor in 0.00 ms.
Invoked RoslynAnalysisRunner static constructor.
RoslynAnalysisRunner will not be running.
RoslynAnalysisRunner has terminated.
Mono: successfully reloaded assembly
- Completed reload, in  0.864 seconds
Platform modules already initialized, skipping
Refreshing native plugins compatible for Editor in 0.41 ms, found 1 plugins.
Preloading 0 native plugins for Editor in 0.00 ms.
Unloading 1861 Unused Serialized files (Serialized files now loaded: 0)
System memory in use before: 158.1 MB.
System memory in use after: 158.2 MB.

Unloading 7 unused Assets to reduce memory usage. Loaded Objects now: 2432.
Total: 2.099400 ms (FindLiveObjects: 0.221000 ms CreateObjectMapping: 0.071900 ms MarkObjects: 1.788400 ms  DeleteObjects: 0.017200 ms)

========================================================================
Received Prepare
Registering precompiled user dll's ...
Registered in 0.000793 seconds.
Begin MonoManager ReloadAssembly
Native extension for WindowsStandalone target not found
Refreshing native plugins compatible for Editor in 0.35 ms, found 1 plugins.
Preloading 0 native plugins for Editor in 0.00 ms.
Invoked RoslynAnalysisRunner static constructor.
RoslynAnalysisRunner will not be running.
RoslynAnalysisRunner has terminated.
Mono: successfully reloaded assembly
- Completed reload, in  0.920 seconds
Platform modules already initialized, skipping
Refreshing native plugins compatible for Editor in 0.42 ms, found 1 plugins.
Preloading 0 native plugins for Editor in 0.00 ms.
Unloading 1861 Unused Serialized files (Serialized files now loaded: 0)
System memory in use before: 158.1 MB.
System memory in use after: 158.2 MB.

Unloading 7 unused Assets to reduce memory usage. Loaded Objects now: 2436.
Total: 2.472000 ms (FindLiveObjects: 0.304700 ms CreateObjectMapping: 0.106900 ms MarkObjects: 2.041900 ms  DeleteObjects: 0.017800 ms)

========================================================================
Received Prepare
Registering precompiled user dll's ...
Registered in 0.000849 seconds.
Begin MonoManager ReloadAssembly
Native extension for WindowsStandalone target not found
Refreshing native plugins compatible for Editor in 0.35 ms, found 1 plugins.
Preloading 0 native plugins for Editor in 0.00 ms.
Invoked RoslynAnalysisRunner static constructor.
RoslynAnalysisRunner will not be running.
RoslynAnalysisRunner has terminated.
Mono: successfully reloaded assembly
- Completed reload, in  0.862 seconds
Platform modules already initialized, skipping
Refreshing native plugins compatible for Editor in 0.35 ms, found 1 plugins.
Preloading 0 native plugins for Editor in 0.00 ms.
Unloading 1861 Unused Serialized files (Serialized files now loaded: 0)
System memory in use before: 158.1 MB.
System memory in use after: 158.2 MB.

Unloading 7 unused Assets to reduce memory usage. Loaded Objects now: 2440.
Total: 2.393800 ms (FindLiveObjects: 0.387500 ms CreateObjectMapping: 0.169500 ms MarkObjects: 1.811400 ms  DeleteObjects: 0.023300 ms)

========================================================================
Received Import Request.
  Time since last request: 2469.450586 seconds.
  path: Assets/Scripts/ExhaustEffect.cs
  artifactKey: Guid(7d5255ace752037499747ba2c4c147db) Importer(815301076,1909f56bfc062723c751e8b465ee728b)
Start importing Assets/Scripts/ExhaustEffect.cs using Guid(7d5255ace752037499747ba2c4c147db) Importer(815301076,1909f56bfc062723c751e8b465ee728b)  -> (artifact id: '600df1c8f050b1e5d72d5ebe6f9d9e5c') in 0.003617 seconds
  Import took 0.006564 seconds .

========================================================================
Received Import Request.
  Time since last request: 0.000983 seconds.
  path: Assets/Scripts/ExhaustEffect.cs
  artifactKey: Guid(7d5255ace752037499747ba2c4c147db) Importer(815301076,1909f56bfc062723c751e8b465ee728b)
Start importing Assets/Scripts/ExhaustEffect.cs using Guid(7d5255ace752037499747ba2c4c147db) Importer(815301076,1909f56bfc062723c751e8b465ee728b)  -> (artifact id: '600df1c8f050b1e5d72d5ebe6f9d9e5c') in 0.001403 seconds
  Import took 0.004198 seconds .

========================================================================
Received Import Request.
  Time since last request: 8.488177 seconds.
  path: Assets/Scripts/Effects
  artifactKey: Guid(e9a0b1e83cf532e4cafa9e195cefe481) Importer(815301076,1909f56bfc062723c751e8b465ee728b)
Start importing Assets/Scripts/Effects using Guid(e9a0b1e83cf532e4cafa9e195cefe481) Importer(815301076,1909f56bfc062723c751e8b465ee728b)  -> (artifact id: '7c551b485abbe150c4d40d89fc1c188e') in 0.001559 seconds
  Import took 0.004533 seconds .

========================================================================
Received Prepare
Registering precompiled user dll's ...
Registered in 0.000768 seconds.
Begin MonoManager ReloadAssembly
Native extension for WindowsStandalone target not found
Refreshing native plugins compatible for Editor in 0.37 ms, found 1 plugins.
Preloading 0 native plugins for Editor in 0.00 ms.
Invoked RoslynAnalysisRunner static constructor.
RoslynAnalysisRunner will not be running.
RoslynAnalysisRunner has terminated.
Mono: successfully reloaded assembly
- Completed reload, in  0.945 seconds
Platform modules already initialized, skipping
Refreshing native plugins compatible for Editor in 0.92 ms, found 1 plugins.
Preloading 0 native plugins for Editor in 0.00 ms.
Unloading 1861 Unused Serialized files (Serialized files now loaded: 0)
System memory in use before: 158.1 MB.
System memory in use after: 158.2 MB.

Unloading 7 unused Assets to reduce memory usage. Loaded Objects now: 2444.
Total: 5.089600 ms (FindLiveObjects: 0.462300 ms CreateObjectMapping: 0.142700 ms MarkObjects: 4.451400 ms  DeleteObjects: 0.031800 ms)

========================================================================
Received Prepare
Registering precompiled user dll's ...
Registered in 0.000773 seconds.
Begin MonoManager ReloadAssembly
Native extension for WindowsStandalone target not found
Refreshing native plugins compatible for Editor in 0.37 ms, found 1 plugins.
Preloading 0 native plugins for Editor in 0.00 ms.
Invoked RoslynAnalysisRunner static constructor.
RoslynAnalysisRunner will not be running.
RoslynAnalysisRunner has terminated.
Mono: successfully reloaded assembly
- Completed reload, in  0.847 seconds
Platform modules already initialized, skipping
Refreshing native plugins compatible for Editor in 0.36 ms, found 1 plugins.
Preloading 0 native plugins for Editor in 0.00 ms.
Unloading 1861 Unused Serialized files (Serialized files now loaded: 0)
System memory in use before: 158.1 MB.
System memory in use after: 158.2 MB.

Unloading 7 unused Assets to reduce memory usage. Loaded Objects now: 2448.
Total: 2.222800 ms (FindLiveObjects: 0.223700 ms CreateObjectMapping: 0.079600 ms MarkObjects: 1.897200 ms  DeleteObjects: 0.021200 ms)

========================================================================
Received Import Request.
  Time since last request: 49.038925 seconds.
  path: Assets/Scripts/Effects/ExhaustEffect.cs
  artifactKey: Guid(7d5255ace752037499747ba2c4c147db) Importer(815301076,1909f56bfc062723c751e8b465ee728b)
Start importing Assets/Scripts/Effects/ExhaustEffect.cs using Guid(7d5255ace752037499747ba2c4c147db) Importer(815301076,1909f56bfc062723c751e8b465ee728b)  -> (artifact id: '4a2069dc4dfe65dfef822d35d354eeba') in 0.003448 seconds
  Import took 0.006086 seconds .

========================================================================
Received Import Request.
  Time since last request: 1.136878 seconds.
  path: Assets/Scripts/CameraFollow.cs
  artifactKey: Guid(64fce6d4c10aefa4f8b75f729b6af76e) Importer(815301076,1909f56bfc062723c751e8b465ee728b)
Start importing Assets/Scripts/CameraFollow.cs using Guid(64fce6d4c10aefa4f8b75f729b6af76e) Importer(815301076,1909f56bfc062723c751e8b465ee728b)  -> (artifact id: 'e05c65fe3ceac800fc2ff5619d9bf843') in 0.001388 seconds
  Import took 0.004072 seconds .

========================================================================
Received Import Request.
  Time since last request: 0.004643 seconds.
  path: Assets/Scripts/CameraFollow.cs
  artifactKey: Guid(64fce6d4c10aefa4f8b75f729b6af76e) Importer(815301076,1909f56bfc062723c751e8b465ee728b)
Start importing Assets/Scripts/CameraFollow.cs using Guid(64fce6d4c10aefa4f8b75f729b6af76e) Importer(815301076,1909f56bfc062723c751e8b465ee728b)  -> (artifact id: 'e05c65fe3ceac800fc2ff5619d9bf843') in 0.001409 seconds
  Import took 0.004156 seconds .

========================================================================
Received Import Request.
  Time since last request: 0.839703 seconds.
  path: Assets/Scripts/Delimiter.cs
  artifactKey: Guid(2ef611411085a9d48ae33119fb2af26d) Importer(815301076,1909f56bfc062723c751e8b465ee728b)
Start importing Assets/Scripts/Delimiter.cs using Guid(2ef611411085a9d48ae33119fb2af26d) Importer(815301076,1909f56bfc062723c751e8b465ee728b)  -> (artifact id: '69faf9d7552bbd3cc3dab701ebd521ec') in 0.001912 seconds
  Import took 0.004671 seconds .

========================================================================
Received Import Request.
  Time since last request: 0.000894 seconds.
  path: Assets/Scripts/Delimiter.cs
  artifactKey: Guid(2ef611411085a9d48ae33119fb2af26d) Importer(815301076,1909f56bfc062723c751e8b465ee728b)
Start importing Assets/Scripts/Delimiter.cs using Guid(2ef611411085a9d48ae33119fb2af26d) Importer(815301076,1909f56bfc062723c751e8b465ee728b)  -> (artifact id: '69faf9d7552bbd3cc3dab701ebd521ec') in 0.001556 seconds
  Import took 0.004235 seconds .

========================================================================
Received Import Request.
  Time since last request: 0.818882 seconds.
  path: Assets/Scripts/Game.cs
  artifactKey: Guid(92a382ff39f62ef4cb5f960b9ffdf929) Importer(815301076,1909f56bfc062723c751e8b465ee728b)
Start importing Assets/Scripts/Game.cs using Guid(92a382ff39f62ef4cb5f960b9ffdf929) Importer(815301076,1909f56bfc062723c751e8b465ee728b)  -> (artifact id: 'c223d4405c9c08c8790d0ffc8524e460') in 0.001516 seconds
  Import took 0.004486 seconds .

========================================================================
Received Import Request.
  Time since last request: 0.004723 seconds.
  path: Assets/Scripts/Game.cs
  artifactKey: Guid(92a382ff39f62ef4cb5f960b9ffdf929) Importer(815301076,1909f56bfc062723c751e8b465ee728b)
Start importing Assets/Scripts/Game.cs using Guid(92a382ff39f62ef4cb5f960b9ffdf929) Importer(815301076,1909f56bfc062723c751e8b465ee728b)  -> (artifact id: 'c223d4405c9c08c8790d0ffc8524e460') in 0.001292 seconds
  Import took 0.004400 seconds .

========================================================================
Received Import Request.
  Time since last request: 1.093835 seconds.
  path: Assets/Scripts/IMultiply.cs
  artifactKey: Guid(c1db69605e5e95749b438f2f44ddf1dd) Importer(815301076,1909f56bfc062723c751e8b465ee728b)
Start importing Assets/Scripts/IMultiply.cs using Guid(c1db69605e5e95749b438f2f44ddf1dd) Importer(815301076,1909f56bfc062723c751e8b465ee728b)  -> (artifact id: 'ad22b9b051857e52a8d594b8f7ccef75') in 0.001507 seconds
  Import took 0.004398 seconds .

========================================================================
Received Import Request.
  Time since last request: 0.001652 seconds.
  path: Assets/Scripts/IMultiply.cs
  artifactKey: Guid(c1db69605e5e95749b438f2f44ddf1dd) Importer(815301076,1909f56bfc062723c751e8b465ee728b)
Start importing Assets/Scripts/IMultiply.cs using Guid(c1db69605e5e95749b438f2f44ddf1dd) Importer(815301076,1909f56bfc062723c751e8b465ee728b)  -> (artifact id: 'ad22b9b051857e52a8d594b8f7ccef75') in 0.003472 seconds
  Import took 0.006205 seconds .

========================================================================
Received Import Request.
  Time since last request: 3.120226 seconds.
  path: Assets/Scripts/Spawner.cs
  artifactKey: Guid(77533258de7f9004a91af5ca00485e34) Importer(815301076,1909f56bfc062723c751e8b465ee728b)
Start importing Assets/Scripts/Spawner.cs using Guid(77533258de7f9004a91af5ca00485e34) Importer(815301076,1909f56bfc062723c751e8b465ee728b)  -> (artifact id: '227fda7c11e184e245e29ee55ee5d0f7') in 0.001537 seconds
  Import took 0.004345 seconds .

========================================================================
Received Import Request.
  Time since last request: 0.004861 seconds.
  path: Assets/Scripts/Spawner.cs
  artifactKey: Guid(77533258de7f9004a91af5ca00485e34) Importer(815301076,1909f56bfc062723c751e8b465ee728b)
Start importing Assets/Scripts/Spawner.cs using Guid(77533258de7f9004a91af5ca00485e34) Importer(815301076,1909f56bfc062723c751e8b465ee728b)  -> (artifact id: '227fda7c11e184e245e29ee55ee5d0f7') in 0.001529 seconds
  Import took 0.004457 seconds .

========================================================================
Received Import Request.
  Time since last request: 0.676333 seconds.
  path: Assets/Scripts/SplinterMover.cs
  artifactKey: Guid(e7a76a96ad51eab4e90683ce467991c9) Importer(815301076,1909f56bfc062723c751e8b465ee728b)
Start importing Assets/Scripts/SplinterMover.cs using Guid(e7a76a96ad51eab4e90683ce467991c9) Importer(815301076,1909f56bfc062723c751e8b465ee728b)  -> (artifact id: '5a27f8d1e22a604eab11691898675645') in 0.001998 seconds
  Import took 0.004819 seconds .

========================================================================
Received Import Request.
  Time since last request: 0.002156 seconds.
  path: Assets/Scripts/SplinterMover.cs
  artifactKey: Guid(e7a76a96ad51eab4e90683ce467991c9) Importer(815301076,1909f56bfc062723c751e8b465ee728b)
Start importing Assets/Scripts/SplinterMover.cs using Guid(e7a76a96ad51eab4e90683ce467991c9) Importer(815301076,1909f56bfc062723c751e8b465ee728b)  -> (artifact id: '5a27f8d1e22a604eab11691898675645') in 0.001352 seconds
  Import took 0.004580 seconds .

========================================================================
Received Import Request.
  Time since last request: 5.024102 seconds.
  path: Assets/Scripts/Timer.cs
  artifactKey: Guid(bc2ab5219b0b1564ab78752a8af10ff7) Importer(815301076,1909f56bfc062723c751e8b465ee728b)
Start importing Assets/Scripts/Timer.cs using Guid(bc2ab5219b0b1564ab78752a8af10ff7) Importer(815301076,1909f56bfc062723c751e8b465ee728b)  -> (artifact id: '41da54ad4b504221b2ea01ed1439e213') in 0.001440 seconds
  Import took 0.004240 seconds .

========================================================================
Received Import Request.
  Time since last request: 0.003357 seconds.
  path: Assets/Scripts/Timer.cs
  artifactKey: Guid(bc2ab5219b0b1564ab78752a8af10ff7) Importer(815301076,1909f56bfc062723c751e8b465ee728b)
Start importing Assets/Scripts/Timer.cs using Guid(bc2ab5219b0b1564ab78752a8af10ff7) Importer(815301076,1909f56bfc062723c751e8b465ee728b)  -> (artifact id: '41da54ad4b504221b2ea01ed1439e213') in 0.001566 seconds
  Import took 0.004221 seconds .

========================================================================
Received Import Request.
  Time since last request: 1.029230 seconds.
  path: Assets/Scripts/Zone.cs
  artifactKey: Guid(86f40f05d80971547a05e132a9f766d7) Importer(815301076,1909f56bfc062723c751e8b465ee728b)
Start importing Assets/Scripts/Zone.cs using Guid(86f40f05d80971547a05e132a9f766d7) Importer(815301076,1909f56bfc062723c751e8b465ee728b)  -> (artifact id: '2851e0e9102ec4a83529ad6a75b12feb') in 0.001242 seconds
  Import took 0.003936 seconds .

========================================================================
Received Import Request.
  Time since last request: 0.001848 seconds.
  path: Assets/Scripts/Zone.cs
  artifactKey: Guid(86f40f05d80971547a05e132a9f766d7) Importer(815301076,1909f56bfc062723c751e8b465ee728b)
Start importing Assets/Scripts/Zone.cs using Guid(86f40f05d80971547a05e132a9f766d7) Importer(815301076,1909f56bfc062723c751e8b465ee728b)  -> (artifact id: '2851e0e9102ec4a83529ad6a75b12feb') in 0.002159 seconds
  Import took 0.005119 seconds .

========================================================================
Received Prepare
Registering precompiled user dll's ...
Registered in 0.001040 seconds.
Begin MonoManager ReloadAssembly
Native extension for WindowsStandalone target not found
Refreshing native plugins compatible for Editor in 0.38 ms, found 1 plugins.
Preloading 0 native plugins for Editor in 0.00 ms.
Invoked RoslynAnalysisRunner static constructor.
RoslynAnalysisRunner will not be running.
RoslynAnalysisRunner has terminated.
Mono: successfully reloaded assembly
- Completed reload, in  0.814 seconds
Platform modules already initialized, skipping
Refreshing native plugins compatible for Editor in 0.43 ms, found 1 plugins.
Preloading 0 native plugins for Editor in 0.00 ms.
Unloading 1861 Unused Serialized files (Serialized files now loaded: 0)
System memory in use before: 158.3 MB.
System memory in use after: 158.4 MB.

Unloading 7 unused Assets to reduce memory usage. Loaded Objects now: 2452.
Total: 2.027100 ms (FindLiveObjects: 0.268900 ms CreateObjectMapping: 0.095100 ms MarkObjects: 1.647100 ms  DeleteObjects: 0.015100 ms)

========================================================================
Received Prepare
Registering precompiled user dll's ...
Registered in 0.000754 seconds.
Begin MonoManager ReloadAssembly
Native extension for WindowsStandalone target not found
Refreshing native plugins compatible for Editor in 0.35 ms, found 1 plugins.
Preloading 0 native plugins for Editor in 0.00 ms.
Invoked RoslynAnalysisRunner static constructor.
RoslynAnalysisRunner will not be running.
RoslynAnalysisRunner has terminated.
Mono: successfully reloaded assembly
- Completed reload, in  0.834 seconds
Platform modules already initialized, skipping
Refreshing native plugins compatible for Editor in 0.36 ms, found 1 plugins.
Preloading 0 native plugins for Editor in 0.00 ms.
Unloading 1861 Unused Serialized files (Serialized files now loaded: 0)
System memory in use before: 158.3 MB.
System memory in use after: 158.4 MB.

Unloading 7 unused Assets to reduce memory usage. Loaded Objects now: 2456.
Total: 2.334700 ms (FindLiveObjects: 0.294400 ms CreateObjectMapping: 0.115800 ms MarkObjects: 1.906600 ms  DeleteObjects: 0.016300 ms)

========================================================================
Received Prepare
Registering precompiled user dll's ...
Registered in 0.000797 seconds.
Begin MonoManager ReloadAssembly
Native extension for WindowsStandalone target not found
Refreshing native plugins compatible for Editor in 0.38 ms, found 1 plugins.
Preloading 0 native plugins for Editor in 0.00 ms.
Invoked RoslynAnalysisRunner static constructor.
RoslynAnalysisRunner will not be running.
RoslynAnalysisRunner has terminated.
Mono: successfully reloaded assembly
- Completed reload, in  0.868 seconds
Platform modules already initialized, skipping
Refreshing native plugins compatible for Editor in 0.35 ms, found 1 plugins.
Preloading 0 native plugins for Editor in 0.00 ms.
Unloading 1861 Unused Serialized files (Serialized files now loaded: 0)
System memory in use before: 158.3 MB.
System memory in use after: 158.5 MB.

Unloading 7 unused Assets to reduce memory usage. Loaded Objects now: 2460.
Total: 4.645900 ms (FindLiveObjects: 0.485300 ms CreateObjectMapping: 0.698100 ms MarkObjects: 3.428000 ms  DeleteObjects: 0.031500 ms)

========================================================================
Received Prepare
Registering precompiled user dll's ...
Registered in 0.000720 seconds.
Begin MonoManager ReloadAssembly
Native extension for WindowsStandalone target not found
Refreshing native plugins compatible for Editor in 0.35 ms, found 1 plugins.
Preloading 0 native plugins for Editor in 0.00 ms.
Invoked RoslynAnalysisRunner static constructor.
RoslynAnalysisRunner will not be running.
RoslynAnalysisRunner has terminated.
Mono: successfully reloaded assembly
- Completed reload, in  0.847 seconds
Platform modules already initialized, skipping
Refreshing native plugins compatible for Editor in 0.35 ms, found 1 plugins.
Preloading 0 native plugins for Editor in 0.00 ms.
Unloading 1861 Unused Serialized files (Serialized files now loaded: 0)
System memory in use before: 158.3 MB.
System memory in use after: 158.5 MB.

Unloading 7 unused Assets to reduce memory usage. Loaded Objects now: 2464.
Total: 2.225600 ms (FindLiveObjects: 0.189000 ms CreateObjectMapping: 0.063700 ms MarkObjects: 1.955800 ms  DeleteObjects: 0.015800 ms)

========================================================================
Received Prepare
Registering precompiled user dll's ...
Registered in 0.000918 seconds.
Begin MonoManager ReloadAssembly
Native extension for WindowsStandalone target not found
Refreshing native plugins compatible for Editor in 0.44 ms, found 1 plugins.
Preloading 0 native plugins for Editor in 0.00 ms.
Invoked RoslynAnalysisRunner static constructor.
RoslynAnalysisRunner will not be running.
RoslynAnalysisRunner has terminated.
Mono: successfully reloaded assembly
- Completed reload, in  1.306 seconds
Platform modules already initialized, skipping
Switching build target platform(5) subTarget(0) extendedPlatform(0) -> platform(13) subTarget(537395200) extendedPlatform(0)
Refreshing native plugins compatible for Editor in 0.55 ms, found 1 plugins.
Preloading 0 native plugins for Editor in 0.00 ms.
Unloading 1865 Unused Serialized files (Serialized files now loaded: 0)
System memory in use before: 158.0 MB.
System memory in use after: 158.1 MB.

Unloading 7 unused Assets to reduce memory usage. Loaded Objects now: 2468.
Total: 2.409100 ms (FindLiveObjects: 0.478400 ms CreateObjectMapping: 0.151700 ms MarkObjects: 1.759000 ms  DeleteObjects: 0.018200 ms)

AssetImportParameters requested are different than current active one (requested -> active):
  custom:graphics/normal-map-encoding: 01000000000000000000000000000000 -> 02000000000000000000000000000000
========================================================================
Received Prepare
Refreshing native plugins compatible for Editor in 3.69 ms, found 1 plugins.
Preloading 0 native plugins for Editor in 0.00 ms.
Unloading 5 Unused Serialized files (Serialized files now loaded: 0)
System memory in use before: 121.2 MB.
System memory in use after: 121.4 MB.

Unloading 5 unused Assets to reduce memory usage. Loaded Objects now: 2468.
Total: 4.922200 ms (FindLiveObjects: 1.466100 ms CreateObjectMapping: 0.293000 ms MarkObjects: 3.088600 ms  DeleteObjects: 0.065900 ms)

AssetImportWorkerClient::OnTransportError - code=2 error=End of file
